2013/12/02 19:23:47 [error] [exception.CException] exception 'CException' with message 'Property "Estacionservicio.Producto" is not defined.' in C:\xampp\htdocs\crediTaxi\framework\base\CComponent.php:130
Stack trace:
#0 C:\xampp\htdocs\crediTaxi\framework\db\ar\CActiveRecord.php(143): CComponent->__get('Producto')
#1 C:\xampp\htdocs\crediTaxi\protected\controllers\EstacionservicioController.php(117): CActiveRecord->__get('Producto')
#2 C:\xampp\htdocs\crediTaxi\framework\web\actions\CInlineAction.php(49): EstacionservicioController->actionIndex()
#3 C:\xampp\htdocs\crediTaxi\framework\web\CController.php(308): CInlineAction->runWithParams(Array)
#4 C:\xampp\htdocs\crediTaxi\framework\web\filters\CFilterChain.php(133): CController->runAction(Object(CInlineAction))
#5 C:\xampp\htdocs\crediTaxi\framework\web\filters\CFilter.php(40): CFilterChain->run()
#6 C:\xampp\htdocs\crediTaxi\framework\web\CController.php(1145): CFilter->filter(Object(CFilterChain))
#7 C:\xampp\htdocs\crediTaxi\framework\web\filters\CInlineFilter.php(58): CController->filterAccessControl(Object(CFilterChain))
#8 C:\xampp\htdocs\crediTaxi\framework\web\filters\CFilterChain.php(130): CInlineFilter->filter(Object(CFilterChain))
#9 C:\xampp\htdocs\crediTaxi\framework\web\CController.php(291): CFilterChain->run()
#10 C:\xampp\htdocs\crediTaxi\framework\web\CController.php(265): CController->runActionWithFilters(Object(CInlineAction), Array)
#11 C:\xampp\htdocs\crediTaxi\framework\web\CWebApplication.php(282): CController->run('')
#12 C:\xampp\htdocs\crediTaxi\framework\web\CWebApplication.php(141): CWebApplication->runController('estacionservici...')
#13 C:\xampp\htdocs\crediTaxi\framework\base\CApplication.php(169): CWebApplication->processRequest()
#14 C:\xampp\htdocs\crediTaxi\index.php(13): CApplication->run()
#15 {main}
REQUEST_URI=/crediTaxi/estacionservicio
---
2013/12/02 19:24:47 [error] [exception.CDbException] exception 'CDbException' with message 'Estacionservicio does not have relation "Producto".' in C:\xampp\htdocs\crediTaxi\framework\db\ar\CActiveRecord.php:248
Stack trace:
#0 C:\xampp\htdocs\crediTaxi\protected\controllers\EstacionservicioController.php(117): CActiveRecord->getRelated('Producto')
#1 C:\xampp\htdocs\crediTaxi\framework\web\actions\CInlineAction.php(49): EstacionservicioController->actionIndex()
#2 C:\xampp\htdocs\crediTaxi\framework\web\CController.php(308): CInlineAction->runWithParams(Array)
#3 C:\xampp\htdocs\crediTaxi\framework\web\filters\CFilterChain.php(133): CController->runAction(Object(CInlineAction))
#4 C:\xampp\htdocs\crediTaxi\framework\web\filters\CFilter.php(40): CFilterChain->run()
#5 C:\xampp\htdocs\crediTaxi\framework\web\CController.php(1145): CFilter->filter(Object(CFilterChain))
#6 C:\xampp\htdocs\crediTaxi\framework\web\filters\CInlineFilter.php(58): CController->filterAccessControl(Object(CFilterChain))
#7 C:\xampp\htdocs\crediTaxi\framework\web\filters\CFilterChain.php(130): CInlineFilter->filter(Object(CFilterChain))
#8 C:\xampp\htdocs\crediTaxi\framework\web\CController.php(291): CFilterChain->run()
#9 C:\xampp\htdocs\crediTaxi\framework\web\CController.php(265): CController->runActionWithFilters(Object(CInlineAction), Array)
#10 C:\xampp\htdocs\crediTaxi\framework\web\CWebApplication.php(282): CController->run('')
#11 C:\xampp\htdocs\crediTaxi\framework\web\CWebApplication.php(141): CWebApplication->runController('estacionservici...')
#12 C:\xampp\htdocs\crediTaxi\framework\base\CApplication.php(169): CWebApplication->processRequest()
#13 C:\xampp\htdocs\crediTaxi\index.php(13): CApplication->run()
#14 {main}
REQUEST_URI=/crediTaxi/estacionservicio
---
